<?xml version="1.0" encoding="UTF-8"?>
<!-- Generated by org.testng.reporters.JUnitReportReporter -->
<testsuite hostname="Eyyups-MacBook-Pro.local" failures="0" tests="1" name="com.cybertek.NG1Basics" time="4.932" errors="0" timestamp="07 Jul 2019 21:19:33 GMT" skipped="0">
  <testcase classname="com.cybertek.NG1Basics" name="Test2" time="4.932"/>
</testsuite> <!-- com.cybertek.NG1Basics -->
