<?xml version="1.0" encoding="UTF-8"?>
<!-- Generated by org.testng.reporters.JUnitReportReporter -->
<testsuite hostname="Eyyups-MacBook-Pro.local" failures="0" tests="2" name="com.cybertek.ParallelSuiteTest" time="0.000" errors="0" timestamp="07 Jul 2019 21:11:45 GMT" skipped="0">
  <testcase classname="com.cybertek.ParallelSuiteTest" name="testMethodOne" time="0.000"/>
  <testcase classname="com.cybertek.ParallelSuiteTest" name="testMethodOne" time="0.000"/>
</testsuite> <!-- com.cybertek.ParallelSuiteTest -->
